# JRE version: Java(TM) SE Runtime Environment (8.0_221-b11) (build 1.8.0_221-b11)
# Java VM: Java HotSpot(TM) 64-Bit Server VM (25.221-b11 mixed mode windows-amd64 compressed oops)
Heap:
 PSYoungGen      total 40960K, used 9747K [0x00000000d5c00000, 0x00000000d8e80000, 0x0000000100000000)
  eden space 31232K, 13% used [0x00000000d5c00000,0x00000000d60271d8,0x00000000d7a80000)
  from space 9728K, 56% used [0x00000000d8500000,0x00000000d8a5dd88,0x00000000d8e80000)
  to   space 10240K, 0% used [0x00000000d7a80000,0x00000000d7a80000,0x00000000d8480000)
 ParOldGen       total 73728K, used 16792K [0x0000000081400000, 0x0000000085c00000, 0x00000000d5c00000)
  object space 73728K, 22% used [0x0000000081400000,0x0000000082466300,0x0000000085c00000)
 Metaspace       used 27392K, capacity 29838K, committed 30080K, reserved 1075200K
  class space    used 3975K, capacity 4376K, committed 4480K, reserved 1048576K
GC Heap History (10 events):
Event: 155.003 GC heap before
{Heap before GC invocations=5 (full 1):
 PSYoungGen      total 38400K, used 38386K [0x00000000d5c00000, 0x00000000d8f80000, 0x0000000100000000)
  eden space 33280K, 100% used [0x00000000d5c00000,0x00000000d7c80000,0x00000000d7c80000)
  from space 5120K, 99% used [0x00000000d7c80000,0x00000000d817c900,0x00000000d8180000)
  to   space 5120K, 0% used [0x00000000d8a80000,0x00000000d8a80000,0x00000000d8f80000)
 ParOldGen       total 73728K, used 11963K [0x0000000081400000, 0x0000000085c00000, 0x00000000d5c00000)
  object space 73728K, 16% used [0x0000000081400000,0x0000000081faefb8,0x0000000085c00000)
 Metaspace       used 26697K, capacity 29044K, committed 29312K, reserved 1075200K
  class space    used 3963K, capacity 4357K, committed 4480K, reserved 1048576K
Event: 155.026 GC heap after
Heap after GC invocations=5 (full 1):
 PSYoungGen      total 38400K, used 5092K [0x00000000d5c00000, 0x00000000d8f80000, 0x0000000100000000)
  eden space 33280K, 0% used [0x00000000d5c00000,0x00000000d5c00000,0x00000000d7c80000)
  from space 5120K, 99% used [0x00000000d8a80000,0x00000000d8f793a8,0x00000000d8f80000)
  to   space 5120K, 0% used [0x00000000d7c80000,0x00000000d7c80000,0x00000000d8180000)
 ParOldGen       total 73728K, used 16584K [0x0000000081400000, 0x0000000085c00000, 0x00000000d5c00000)
  object space 73728K, 22% used [0x0000000081400000,0x0000000082432300,0x0000000085c00000)
 Metaspace       used 26697K, capacity 29044K, committed 29312K, reserved 1075200K
  class space    used 3963K, capacity 4357K, committed 4480K, reserved 1048576K
}
Event: 663.724 GC heap before
{Heap before GC invocations=6 (full 1):
 PSYoungGen      total 38400K, used 38372K [0x00000000d5c00000, 0x00000000d8f80000, 0x0000000100000000)
  eden space 33280K, 100% used [0x00000000d5c00000,0x00000000d7c80000,0x00000000d7c80000)
  from space 5120K, 99% used [0x00000000d8a80000,0x00000000d8f793a8,0x00000000d8f80000)
  to   space 5120K, 0% used [0x00000000d7c80000,0x00000000d7c80000,0x00000000d8180000)
 ParOldGen       total 73728K, used 16584K [0x0000000081400000, 0x0000000085c00000, 0x00000000d5c00000)
  object space 73728K, 22% used [0x0000000081400000,0x0000000082432300,0x0000000085c00000)
 Metaspace       used 26846K, capacity 29280K, committed 29568K, reserved 1075200K
  class space    used 3970K, capacity 4369K, committed 4480K, reserved 1048576K
Event: 663.739 GC heap after
Heap after GC invocations=6 (full 1):
 PSYoungGen      total 37888K, used 5111K [0x00000000d5c00000, 0x00000000d9100000, 0x0000000100000000)
  eden space 32768K, 0% used [0x00000000d5c00000,0x00000000d5c00000,0x00000000d7c00000)
  from space 5120K, 99% used [0x00000000d7c80000,0x00000000d817dd88,0x00000000d8180000)
  to   space 10752K, 0% used [0x00000000d8680000,0x00000000d8680000,0x00000000d9100000)
 ParOldGen       total 73728K, used 16776K [0x0000000081400000, 0x0000000085c00000, 0x00000000d5c00000)
  object space 73728K, 22% used [0x0000000081400000,0x0000000082462300,0x0000000085c00000)
 Metaspace       used 26846K, capacity 29280K, committed 29568K, reserved 1075200K
  class space    used 3970K, capacity 4369K, committed 4480K, reserved 1048576K
}
Event: 1061.692 GC heap before
{Heap before GC invocations=7 (full 1):
 PSYoungGen      total 37888K, used 37879K [0x00000000d5c00000, 0x00000000d9100000, 0x0000000100000000)
  eden space 32768K, 100% used [0x00000000d5c00000,0x00000000d7c00000,0x00000000d7c00000)
  from space 5120K, 99% used [0x00000000d7c80000,0x00000000d817dd88,0x00000000d8180000)
  to   space 10752K, 0% used [0x00000000d8680000,0x00000000d8680000,0x00000000d9100000)
 ParOldGen       total 73728K, used 16776K [0x0000000081400000, 0x0000000085c00000, 0x00000000d5c00000)
  object space 73728K, 22% used [0x0000000081400000,0x0000000082462300,0x0000000085c00000)
 Metaspace       used 27089K, capacity 29508K, committed 29824K, reserved 1075200K
  class space    used 3973K, capacity 4375K, committed 4480K, reserved 1048576K
Event: 1061.707 GC heap after
Heap after GC invocations=7 (full 1):
 PSYoungGen      total 42496K, used 5399K [0x00000000d5c00000, 0x00000000d9080000, 0x0000000100000000)
  eden space 32256K, 0% used [0x00000000d5c00000,0x00000000d5c00000,0x00000000d7b80000)
  from space 10240K, 52% used [0x00000000d8680000,0x00000000d8bc5d88,0x00000000d9080000)
  to   space 10752K, 0% used [0x00000000d7b80000,0x00000000d7b80000,0x00000000d8600000)
 ParOldGen       total 73728K, used 16776K [0x0000000081400000, 0x0000000085c00000, 0x00000000d5c00000)
  object space 73728K, 22% used [0x0000000081400000,0x0000000082462300,0x0000000085c00000)
 Metaspace       used 27089K, capacity 29508K, committed 29824K, reserved 1075200K
  class space    used 3973K, capacity 4375K, committed 4480K, reserved 1048576K
}
Event: 1386.155 GC heap before
{Heap before GC invocations=8 (full 1):
 PSYoungGen      total 42496K, used 37655K [0x00000000d5c00000, 0x00000000d9080000, 0x0000000100000000)
  eden space 32256K, 100% used [0x00000000d5c00000,0x00000000d7b80000,0x00000000d7b80000)
  from space 10240K, 52% used [0x00000000d8680000,0x00000000d8bc5d88,0x00000000d9080000)
  to   space 10752K, 0% used [0x00000000d7b80000,0x00000000d7b80000,0x00000000d8600000)
 ParOldGen       total 73728K, used 16776K [0x0000000081400000, 0x0000000085c00000, 0x00000000d5c00000)
  object space 73728K, 22% used [0x0000000081400000,0x0000000082462300,0x0000000085c00000)
 Metaspace       used 27316K, capacity 29768K, committed 30080K, reserved 1075200K
  class space    used 3974K, capacity 4375K, committed 4480K, reserved 1048576K
Event: 1386.171 GC heap after
Heap after GC invocations=8 (full 1):
 PSYoungGen      total 37376K, used 5495K [0x00000000d5c00000, 0x00000000d8f00000, 0x0000000100000000)
  eden space 31744K, 0% used [0x00000000d5c00000,0x00000000d5c00000,0x00000000d7b00000)
  from space 5632K, 97% used [0x00000000d7b80000,0x00000000d80ddd88,0x00000000d8100000)
  to   space 10240K, 0% used [0x00000000d8500000,0x00000000d8500000,0x00000000d8f00000)
 ParOldGen       total 73728K, used 16784K [0x0000000081400000, 0x0000000085c00000, 0x00000000d5c00000)
  object space 73728K, 22% used [0x0000000081400000,0x0000000082464300,0x0000000085c00000)
 Metaspace       used 27316K, capacity 29768K, committed 30080K, reserved 1075200K
  class space    used 3974K, capacity 4375K, committed 4480K, reserved 1048576K
}
Event: 1909.820 GC heap before
{Heap before GC invocations=9 (full 1):
 PSYoungGen      total 37376K, used 37239K [0x00000000d5c00000, 0x00000000d8f00000, 0x0000000100000000)
  eden space 31744K, 100% used [0x00000000d5c00000,0x00000000d7b00000,0x00000000d7b00000)
  from space 5632K, 97% used [0x00000000d7b80000,0x00000000d80ddd88,0x00000000d8100000)
  to   space 10240K, 0% used [0x00000000d8500000,0x00000000d8500000,0x00000000d8f00000)
 ParOldGen       total 73728K, used 16784K [0x0000000081400000, 0x0000000085c00000, 0x00000000d5c00000)
  object space 73728K, 22% used [0x0000000081400000,0x0000000082464300,0x0000000085c00000)
 Metaspace       used 27334K, capacity 29768K, committed 30080K, reserved 1075200K
  class space    used 3975K, capacity 4375K, committed 4480K, reserved 1048576K
Event: 1909.826 GC heap after
Heap after GC invocations=9 (full 1):
 PSYoungGen      total 40960K, used 5495K [0x00000000d5c00000, 0x00000000d8e80000, 0x0000000100000000)
  eden space 31232K, 0% used [0x00000000d5c00000,0x00000000d5c00000,0x00000000d7a80000)
  from space 9728K, 56% used [0x00000000d8500000,0x00000000d8a5dd88,0x00000000d8e80000)
  to   space 10240K, 0% used [0x00000000d7a80000,0x00000000d7a80000,0x00000000d8480000)
 ParOldGen       total 73728K, used 16792K [0x0000000081400000, 0x0000000085c00000, 0x00000000d5c00000)
  object space 73728K, 22% used [0x0000000081400000,0x0000000082466300,0x0000000085c00000)
 Metaspace       used 27334K, capacity 29768K, committed 30080K, reserved 1075200K
  class space    used 3975K, capacity 4375K, committed 4480K, reserved 1048576K
}

