# JRE version: Java(TM) SE Runtime Environment (8.0_221-b11) (build 1.8.0_221-b11)
# Java VM: Java HotSpot(TM) 64-Bit Server VM (25.221-b11 mixed mode windows-amd64 compressed oops)
Heap:
 PSYoungGen      total 71680K, used 11720K [0x00000000d5c00000, 0x00000000da700000, 0x0000000100000000)
  eden space 66560K, 9% used [0x00000000d5c00000,0x00000000d6275af8,0x00000000d9d00000)
  from space 5120K, 99% used [0x00000000d9d00000,0x00000000da1fc900,0x00000000da200000)
  to   space 5120K, 0% used [0x00000000da200000,0x00000000da200000,0x00000000da700000)
 ParOldGen       total 69632K, used 14700K [0x0000000081400000, 0x0000000085800000, 0x00000000d5c00000)
  object space 69632K, 21% used [0x0000000081400000,0x000000008225b018,0x0000000085800000)
 Metaspace       used 26220K, capacity 28344K, committed 28544K, reserved 1073152K
  class space    used 3832K, capacity 4187K, committed 4224K, reserved 1048576K
GC Heap History (8 events):
Event: 0.867 GC heap before
{Heap before GC invocations=1 (full 0):
 PSYoungGen      total 38400K, used 33280K [0x00000000d5c00000, 0x00000000d8680000, 0x0000000100000000)
  eden space 33280K, 100% used [0x00000000d5c00000,0x00000000d7c80000,0x00000000d7c80000)
  from space 5120K, 0% used [0x00000000d8180000,0x00000000d8180000,0x00000000d8680000)
  to   space 5120K, 0% used [0x00000000d7c80000,0x00000000d7c80000,0x00000000d8180000)
 ParOldGen       total 87552K, used 0K [0x0000000081400000, 0x0000000086980000, 0x00000000d5c00000)
  object space 87552K, 0% used [0x0000000081400000,0x0000000081400000,0x0000000086980000)
 Metaspace       used 14686K, capacity 15424K, committed 15616K, reserved 1062912K
  class space    used 2250K, capacity 2446K, committed 2560K, reserved 1048576K
Event: 0.879 GC heap after
Heap after GC invocations=1 (full 0):
 PSYoungGen      total 38400K, used 4982K [0x00000000d5c00000, 0x00000000da700000, 0x0000000100000000)
  eden space 33280K, 0% used [0x00000000d5c00000,0x00000000d5c00000,0x00000000d7c80000)
  from space 5120K, 97% used [0x00000000d7c80000,0x00000000d815d878,0x00000000d8180000)
  to   space 5120K, 0% used [0x00000000da200000,0x00000000da200000,0x00000000da700000)
 ParOldGen       total 87552K, used 4112K [0x0000000081400000, 0x0000000086980000, 0x00000000d5c00000)
  object space 87552K, 4% used [0x0000000081400000,0x0000000081804020,0x0000000086980000)
 Metaspace       used 14686K, capacity 15424K, committed 15616K, reserved 1062912K
  class space    used 2250K, capacity 2446K, committed 2560K, reserved 1048576K
}
Event: 1.530 GC heap before
{Heap before GC invocations=2 (full 0):
 PSYoungGen      total 38400K, used 18785K [0x00000000d5c00000, 0x00000000da700000, 0x0000000100000000)
  eden space 33280K, 41% used [0x00000000d5c00000,0x00000000d697ae88,0x00000000d7c80000)
  from space 5120K, 97% used [0x00000000d7c80000,0x00000000d815d878,0x00000000d8180000)
  to   space 5120K, 0% used [0x00000000da200000,0x00000000da200000,0x00000000da700000)
 ParOldGen       total 87552K, used 4112K [0x0000000081400000, 0x0000000086980000, 0x00000000d5c00000)
  object space 87552K, 4% used [0x0000000081400000,0x0000000081804020,0x0000000086980000)
 Metaspace       used 20195K, capacity 21200K, committed 21296K, reserved 1067008K
  class space    used 3015K, capacity 3233K, committed 3328K, reserved 1048576K
Event: 1.537 GC heap after
Heap after GC invocations=2 (full 0):
 PSYoungGen      total 71680K, used 5101K [0x00000000d5c00000, 0x00000000da700000, 0x0000000100000000)
  eden space 66560K, 0% used [0x00000000d5c00000,0x00000000d5c00000,0x00000000d9d00000)
  from space 5120K, 99% used [0x00000000da200000,0x00000000da6fb588,0x00000000da700000)
  to   space 5120K, 0% used [0x00000000d9d00000,0x00000000d9d00000,0x00000000da200000)
 ParOldGen       total 87552K, used 7206K [0x0000000081400000, 0x0000000086980000, 0x00000000d5c00000)
  object space 87552K, 8% used [0x0000000081400000,0x0000000081b09b48,0x0000000086980000)
 Metaspace       used 20195K, capacity 21200K, committed 21296K, reserved 1067008K
  class space    used 3015K, capacity 3233K, committed 3328K, reserved 1048576K
}
Event: 1.537 GC heap before
{Heap before GC invocations=3 (full 1):
 PSYoungGen      total 71680K, used 5101K [0x00000000d5c00000, 0x00000000da700000, 0x0000000100000000)
  eden space 66560K, 0% used [0x00000000d5c00000,0x00000000d5c00000,0x00000000d9d00000)
  from space 5120K, 99% used [0x00000000da200000,0x00000000da6fb588,0x00000000da700000)
  to   space 5120K, 0% used [0x00000000d9d00000,0x00000000d9d00000,0x00000000da200000)
 ParOldGen       total 87552K, used 7206K [0x0000000081400000, 0x0000000086980000, 0x00000000d5c00000)
  object space 87552K, 8% used [0x0000000081400000,0x0000000081b09b48,0x0000000086980000)
 Metaspace       used 20195K, capacity 21200K, committed 21296K, reserved 1067008K
  class space    used 3015K, capacity 3233K, committed 3328K, reserved 1048576K
Event: 1.571 GC heap after
Heap after GC invocations=3 (full 1):
 PSYoungGen      total 71680K, used 0K [0x00000000d5c00000, 0x00000000da700000, 0x0000000100000000)
  eden space 66560K, 0% used [0x00000000d5c00000,0x00000000d5c00000,0x00000000d9d00000)
  from space 5120K, 0% used [0x00000000da200000,0x00000000da200000,0x00000000da700000)
  to   space 5120K, 0% used [0x00000000d9d00000,0x00000000d9d00000,0x00000000da200000)
 ParOldGen       total 69632K, used 10140K [0x0000000081400000, 0x0000000085800000, 0x00000000d5c00000)
  object space 69632K, 14% used [0x0000000081400000,0x0000000081de73e0,0x0000000085800000)
 Metaspace       used 20195K, capacity 21200K, committed 21296K, reserved 1067008K
  class space    used 3015K, capacity 3233K, committed 3328K, reserved 1048576K
}
Event: 200.250 GC heap before
{Heap before GC invocations=4 (full 1):
 PSYoungGen      total 71680K, used 66560K [0x00000000d5c00000, 0x00000000da700000, 0x0000000100000000)
  eden space 66560K, 100% used [0x00000000d5c00000,0x00000000d9d00000,0x00000000d9d00000)
  from space 5120K, 0% used [0x00000000da200000,0x00000000da200000,0x00000000da700000)
  to   space 5120K, 0% used [0x00000000d9d00000,0x00000000d9d00000,0x00000000da200000)
 ParOldGen       total 69632K, used 10142K [0x0000000081400000, 0x0000000085800000, 0x00000000d5c00000)
  object space 69632K, 14% used [0x0000000081400000,0x0000000081de7898,0x0000000085800000)
 Metaspace       used 25978K, capacity 28084K, committed 28288K, reserved 1073152K
  class space    used 3808K, capacity 4171K, committed 4224K, reserved 1048576K
Event: 200.259 GC heap after
Heap after GC invocations=4 (full 1):
 PSYoungGen      total 71680K, used 5106K [0x00000000d5c00000, 0x00000000da700000, 0x0000000100000000)
  eden space 66560K, 0% used [0x00000000d5c00000,0x00000000d5c00000,0x00000000d9d00000)
  from space 5120K, 99% used [0x00000000d9d00000,0x00000000da1fc900,0x00000000da200000)
  to   space 5120K, 0% used [0x00000000da200000,0x00000000da200000,0x00000000da700000)
 ParOldGen       total 69632K, used 14700K [0x0000000081400000, 0x0000000085800000, 0x00000000d5c00000)
  object space 69632K, 21% used [0x0000000081400000,0x000000008225b018,0x0000000085800000)
 Metaspace       used 25978K, capacity 28084K, committed 28288K, reserved 1073152K
  class space    used 3808K, capacity 4171K, committed 4224K, reserved 1048576K
}

